<?xml version="1.0" encoding="UTF-8"?>
<!-- Generated by org.testng.reporters.JUnitReportReporter -->
<testsuite hostname="PF35M749" failures="0" tests="6" name="TestCollection" time="2.100" errors="1" timestamp="2023-03-16T22:54:14 CET" skipped="5">
  <testcase classname="TestCollection" name="loginWithUsernameAndPassword" time="0.000">
    <skipped/>
  </testcase> <!-- loginWithUsernameAndPassword -->
  <system-out/>
  <testcase classname="TestCollection" name="loginWithUsernameAndPassword" time="0.000">
    <skipped/>
  </testcase> <!-- loginWithUsernameAndPassword -->
  <system-out/>
  <testcase classname="TestCollection" name="loginWithUsernameAndPassword" time="0.000">
    <skipped/>
  </testcase> <!-- loginWithUsernameAndPassword -->
  <system-out/>
  <testcase classname="TestCollection" name="loginWithCorrectUsernameAndPassword" time="0.000">
    <skipped/>
  </testcase> <!-- loginWithCorrectUsernameAndPassword -->
  <system-out/>
  <testcase classname="TestCollection" name="setup" time="2.100">
    <error message="Unable to establish websocket connection to http://localhost:50346/devtools/browser/95e85f83-0779-4874-ad6a-c610902a3457
Build info: version: &#039;4.8.1&#039;, revision: &#039;8ebccac989&#039;
System info: os.name: &#039;Windows 10&#039;, os.arch: &#039;amd64&#039;, os.version: &#039;10.0&#039;, java.version: &#039;17.0.6&#039;
Driver info: driver.version: ChromeDriver" type="org.openqa.selenium.remote.http.ConnectionFailedException">
      <![CDATA[org.openqa.selenium.remote.http.ConnectionFailedException: Unable to establish websocket connection to http://localhost:50346/devtools/browser/95e85f83-0779-4874-ad6a-c610902a3457
Build info: version: '4.8.1', revision: '8ebccac989'
System info: os.name: 'Windows 10', os.arch: 'amd64', os.version: '10.0', java.version: '17.0.6'
Driver info: driver.version: ChromeDriver
at org.openqa.selenium.remote.http.netty.NettyWebSocket.<init>(NettyWebSocket.java:102)
at org.openqa.selenium.remote.http.netty.NettyWebSocket.lambda$create$3(NettyWebSocket.java:128)
at org.openqa.selenium.remote.http.netty.NettyClient.openSocket(NettyClient.java:107)
at org.openqa.selenium.devtools.Connection.<init>(Connection.java:78)
at org.openqa.selenium.chromium.ChromiumDriver.lambda$new$2(ChromiumDriver.java:116)
at java.base/java.util.Optional.map(Optional.java:260)
at org.openqa.selenium.chromium.ChromiumDriver.<init>(ChromiumDriver.java:114)
at org.openqa.selenium.chrome.ChromeDriver.<init>(ChromeDriver.java:82)
at org.openqa.selenium.chrome.ChromeDriver.<init>(ChromeDriver.java:50)
at utils.DriverManager.setChromeDriver(DriverManager.java:34)
at utils.DriverManager.getDriver(DriverManager.java:20)
at utils.DriverManager.setChromeEDriver(DriverManager.java:55)
at utils.DriverManager.getEDriver(DriverManager.java:27)
at TestCollection.setup(TestCollection.java:20)
at java.base/jdk.internal.reflect.NativeMethodAccessorImpl.invoke0(Native Method)
at java.base/jdk.internal.reflect.NativeMethodAccessorImpl.invoke(NativeMethodAccessorImpl.java:77)
at java.base/jdk.internal.reflect.DelegatingMethodAccessorImpl.invoke(DelegatingMethodAccessorImpl.java:43)
at java.base/java.lang.reflect.Method.invoke(Method.java:568)
at org.testng.internal.invokers.MethodInvocationHelper.invokeMethod(MethodInvocationHelper.java:139)
at org.testng.internal.invokers.MethodInvocationHelper.invokeMethodConsideringTimeout(MethodInvocationHelper.java:69)
at org.testng.internal.invokers.ConfigInvoker.invokeConfigurationMethod(ConfigInvoker.java:361)
at org.testng.internal.invokers.ConfigInvoker.invokeConfigurations(ConfigInvoker.java:296)
at org.testng.SuiteRunner.privateRun(SuiteRunner.java:376)
at org.testng.SuiteRunner.run(SuiteRunner.java:330)
at org.testng.SuiteRunnerWorker.runSuite(SuiteRunnerWorker.java:52)
at org.testng.SuiteRunnerWorker.run(SuiteRunnerWorker.java:95)
at org.testng.TestNG.runSuitesSequentially(TestNG.java:1256)
at org.testng.TestNG.runSuitesLocally(TestNG.java:1176)
at org.testng.TestNG.runSuites(TestNG.java:1099)
at org.testng.TestNG.run(TestNG.java:1067)
at org.testng.remote.AbstractRemoteTestNG.run(AbstractRemoteTestNG.java:115)
at org.testng.remote.RemoteTestNG.initAndRun(RemoteTestNG.java:251)
at org.testng.remote.RemoteTestNG.main(RemoteTestNG.java:77)
]]>
    </error>
  </testcase> <!-- setup -->
  <system-out/>
  <testcase classname="TestCollection" name="loginWithUsernameAndPassword" time="0.000">
    <skipped/>
  </testcase> <!-- loginWithUsernameAndPassword -->
  <system-out/>
</testsuite> <!-- TestCollection -->
