<?xml version="1.0" encoding="UTF-8"?>
<!-- Generated by org.testng.reporters.JUnitXMLReporter -->
<testsuite ignored="1" hostname="PF35M749" failures="0" tests="4" name="LoginTest Error" time="0.041" errors="0" timestamp="2023-03-16T22:54:14 CET">
  <testcase classname="TestCollection" name="@BeforeSuite setup" time="2.1">
    <failure type="org.openqa.selenium.remote.http.ConnectionFailedException" message="Unable to establish websocket connection to http://localhost:50346/devtools/browser/95e85f83-0779-4874-ad6a-c610902a3457
Build info: version: &amp;apos;4.8.1&amp;apos;, revision: &amp;apos;8ebccac989&amp;apos;
System info: os.name: &amp;apos;Windows 10&amp;apos;, os.arch: &amp;apos;amd64&amp;apos;, os.version: &amp;apos;10.0&amp;apos;, java.version: &amp;apos;17.0.6&amp;apos;
Driver info: driver.version: ChromeDriver">
      <![CDATA[org.openqa.selenium.remote.http.ConnectionFailedException: Unable to establish websocket connection to http://localhost:50346/devtools/browser/95e85f83-0779-4874-ad6a-c610902a3457
Build info: version: '4.8.1', revision: '8ebccac989'
System info: os.name: 'Windows 10', os.arch: 'amd64', os.version: '10.0', java.version: '17.0.6'
Driver info: driver.version: ChromeDriver
at org.openqa.selenium.remote.http.netty.NettyWebSocket.<init>(NettyWebSocket.java:102)
at org.openqa.selenium.remote.http.netty.NettyWebSocket.lambda$create$3(NettyWebSocket.java:128)
at org.openqa.selenium.remote.http.netty.NettyClient.openSocket(NettyClient.java:107)
at org.openqa.selenium.devtools.Connection.<init>(Connection.java:78)
at org.openqa.selenium.chromium.ChromiumDriver.lambda$new$2(ChromiumDriver.java:116)
at java.base/java.util.Optional.map(Optional.java:260)
at org.openqa.selenium.chromium.ChromiumDriver.<init>(ChromiumDriver.java:114)
at org.openqa.selenium.chrome.ChromeDriver.<init>(ChromeDriver.java:82)
at org.openqa.selenium.chrome.ChromeDriver.<init>(ChromeDriver.java:50)
at utils.DriverManager.setChromeDriver(DriverManager.java:34)
at utils.DriverManager.getDriver(DriverManager.java:20)
at utils.DriverManager.setChromeEDriver(DriverManager.java:55)
at utils.DriverManager.getEDriver(DriverManager.java:27)
at TestCollection.setup(TestCollection.java:20)
... Removed 19 stack frames]]>
    </failure>
  </testcase> <!-- @BeforeSuite setup -->
  <testcase classname="TestCollection" name="@BeforeMethod beforeMethod" time="0.0">
    <skipped/>
  </testcase> <!-- @BeforeMethod beforeMethod -->
  <testcase classname="TestCollection" name="@BeforeMethod beforeMethod" time="0.0">
    <skipped/>
  </testcase> <!-- @BeforeMethod beforeMethod -->
  <testcase classname="TestCollection" name="@BeforeMethod beforeMethod" time="0.0">
    <skipped/>
  </testcase> <!-- @BeforeMethod beforeMethod -->
  <testcase classname="TestCollection" name="@BeforeMethod beforeMethod" time="0.0">
    <skipped/>
  </testcase> <!-- @BeforeMethod beforeMethod -->
  <testcase classname="TestCollection" name="loginWithUsernameAndPassword" time="0.0">
    <skipped/>
  </testcase> <!-- loginWithUsernameAndPassword -->
  <testcase classname="TestCollection" name="loginWithUsernameAndPassword" time="0.0">
    <skipped/>
  </testcase> <!-- loginWithUsernameAndPassword -->
  <testcase classname="TestCollection" name="loginWithUsernameAndPassword" time="0.0">
    <skipped/>
  </testcase> <!-- loginWithUsernameAndPassword -->
  <testcase classname="TestCollection" name="loginWithUsernameAndPassword" time="0.0">
    <skipped/>
  </testcase> <!-- loginWithUsernameAndPassword -->
  <testcase classname="TestCollection" name="loginWithCorrectUsernameAndPassword" time="0.0">
    <ignored/>
  </testcase> <!-- loginWithCorrectUsernameAndPassword -->
</testsuite> <!-- LoginTest Error -->
